<?xml version="1.0" encoding="UTF-8"?>
<!-- Generated by org.testng.reporters.JUnitXMLReporter -->
<testsuite ignored="0" hostname="ghost" failures="0" tests="3" name="chrome" time="7.32" errors="0" timestamp="2022-05-22T18:20:34 IST">
  <testcase classname="testcase.NavigationTest" name="naviageStorepageFromHome2" time="1.957"/>
  <testcase classname="testcase.NavigationTest" name="naviageStorepageFromHome" time="2.687"/>
  <testcase classname="testcase.NavigationTest" name="naviageStorepageFromHome3" time="1.798"/>
</testsuite> <!-- chrome -->
