<?xml version="1.0" encoding="UTF-8"?>
<testng-results ignored="0" total="1" passed="1" failed="0" skipped="0">
  <reporter-output>
  </reporter-output>
  <suite started-at="2022-05-20T02:04:57 IST" name="Command line suite" finished-at="2022-05-20T02:05:07 IST" duration-ms="10404">
    <groups>
    </groups>
    <test started-at="2022-05-20T02:04:57 IST" name="Command line test" finished-at="2022-05-20T02:05:07 IST" duration-ms="10404">
      <class name="testcase.MakeAnOrderTest">
        <test-method is-config="true" signature="startDriver()[pri:0, instance:testcase.MakeAnOrderTest@17c1bced]" started-at="2022-05-20T02:04:57 IST" name="startDriver" finished-at="2022-05-20T02:04:59 IST" duration-ms="1581" status="PASS">
          <reporter-output>
          </reporter-output>
        </test-method> <!-- startDriver -->
        <test-method signature="makeAnOderFromStorePage()[pri:0, instance:testcase.MakeAnOrderTest@17c1bced]" started-at="2022-05-20T02:04:59 IST" name="makeAnOderFromStorePage" finished-at="2022-05-20T02:05:07 IST" duration-ms="8671" status="PASS">
          <reporter-output>
          </reporter-output>
        </test-method> <!-- makeAnOderFromStorePage -->
        <test-method is-config="true" signature="quitDriver()[pri:0, instance:testcase.MakeAnOrderTest@17c1bced]" started-at="2022-05-20T02:05:07 IST" name="quitDriver" finished-at="2022-05-20T02:05:07 IST" duration-ms="104" status="PASS">
          <reporter-output>
          </reporter-output>
        </test-method> <!-- quitDriver -->
      </class> <!-- testcase.MakeAnOrderTest -->
    </test> <!-- Command line test -->
  </suite> <!-- Command line suite -->
</testng-results>
