<?xml version="1.0" encoding="UTF-8"?>
<testng-results ignored="0" total="3" passed="3" failed="0" skipped="0">
  <reporter-output>
  </reporter-output>
  <suite started-at="2022-05-22T18:20:26 IST" name="Admin" finished-at="2022-05-22T18:20:34 IST" duration-ms="7320">
    <groups>
    </groups>
    <test started-at="2022-05-22T18:20:26 IST" name="chrome" finished-at="2022-05-22T18:20:34 IST" duration-ms="7320">
      <class name="testcase.NavigationTest">
        <test-method is-config="true" signature="startDriver(java.lang.String)[pri:0, instance:testcase.NavigationTest@27ce24aa]" started-at="2022-05-22T18:20:26 IST" name="startDriver" finished-at="2022-05-22T18:20:29 IST" duration-ms="2391" status="PASS">
          <params>
            <param index="0">
              <value>
                <![CDATA[chrome]]>
              </value>
            </param>
          </params>
          <reporter-output>
          </reporter-output>
        </test-method> <!-- startDriver -->
        <test-method is-config="true" signature="startDriver(java.lang.String)[pri:0, instance:testcase.NavigationTest@27ce24aa]" started-at="2022-05-22T18:20:26 IST" name="startDriver" finished-at="2022-05-22T18:20:29 IST" duration-ms="2395" status="PASS">
          <params>
            <param index="0">
              <value>
                <![CDATA[chrome]]>
              </value>
            </param>
          </params>
          <reporter-output>
          </reporter-output>
        </test-method> <!-- startDriver -->
        <test-method signature="naviageStorepageFromHome()[pri:0, instance:testcase.NavigationTest@27ce24aa]" started-at="2022-05-22T18:20:29 IST" name="naviageStorepageFromHome" finished-at="2022-05-22T18:20:31 IST" duration-ms="2687" status="PASS">
          <reporter-output>
          </reporter-output>
        </test-method> <!-- naviageStorepageFromHome -->
        <test-method signature="naviageStorepageFromHome2()[pri:0, instance:testcase.NavigationTest@27ce24aa]" started-at="2022-05-22T18:20:29 IST" name="naviageStorepageFromHome2" finished-at="2022-05-22T18:20:31 IST" duration-ms="1957" status="PASS">
          <reporter-output>
          </reporter-output>
        </test-method> <!-- naviageStorepageFromHome2 -->
        <test-method is-config="true" signature="quitDriver()[pri:0, instance:testcase.NavigationTest@27ce24aa]" started-at="2022-05-22T18:20:31 IST" name="quitDriver" finished-at="2022-05-22T18:20:31 IST" duration-ms="184" status="PASS">
          <reporter-output>
          </reporter-output>
        </test-method> <!-- quitDriver -->
        <test-method is-config="true" signature="startDriver(java.lang.String)[pri:0, instance:testcase.NavigationTest@27ce24aa]" started-at="2022-05-22T18:20:31 IST" name="startDriver" finished-at="2022-05-22T18:20:32 IST" duration-ms="759" status="PASS">
          <params>
            <param index="0">
              <value>
                <![CDATA[chrome]]>
              </value>
            </param>
          </params>
          <reporter-output>
          </reporter-output>
        </test-method> <!-- startDriver -->
        <test-method is-config="true" signature="quitDriver()[pri:0, instance:testcase.NavigationTest@27ce24aa]" started-at="2022-05-22T18:20:31 IST" name="quitDriver" finished-at="2022-05-22T18:20:32 IST" duration-ms="104" status="PASS">
          <reporter-output>
          </reporter-output>
        </test-method> <!-- quitDriver -->
        <test-method signature="naviageStorepageFromHome3()[pri:0, instance:testcase.NavigationTest@27ce24aa]" started-at="2022-05-22T18:20:32 IST" name="naviageStorepageFromHome3" finished-at="2022-05-22T18:20:33 IST" duration-ms="1798" status="PASS">
          <reporter-output>
          </reporter-output>
        </test-method> <!-- naviageStorepageFromHome3 -->
        <test-method is-config="true" signature="quitDriver()[pri:0, instance:testcase.NavigationTest@27ce24aa]" started-at="2022-05-22T18:20:33 IST" name="quitDriver" finished-at="2022-05-22T18:20:34 IST" duration-ms="104" status="PASS">
          <reporter-output>
          </reporter-output>
        </test-method> <!-- quitDriver -->
      </class> <!-- testcase.NavigationTest -->
    </test> <!-- chrome -->
  </suite> <!-- Admin -->
</testng-results>
