<?xml version="1.0" encoding="UTF-8"?>
<testsuite xmlns:xsi="http://www.w3.org/2001/XMLSchema-instance" xsi:noNamespaceSchemaLocation="https://maven.apache.org/surefire/maven-surefire-plugin/xsd/surefire-test-report-3.0.xsd" version="3.0" name="TestSuite" time="7.944" tests="3" errors="0" skipped="0" failures="0">
  <properties>
[...]
</properties>
  <testcase name="naviageStorepageFromHome2" classname="testcase.NavigationTest" time="1.957">
    <system-out><![CDATA[CURRENT THREAD: 17, DRIVER = ChromeDriver: chrome on LINUX (03e8986f0b925396afb583f695fd0dcc)
CURRENT THREAD: 18, DRIVER = ChromeDriver: chrome on LINUX (49c080df49284e38fbe6c46b8da5b6ce)
]]></system-out>
    <system-err><![CDATA[SLF4J: Failed to load class "org.slf4j.impl.StaticLoggerBinder".
SLF4J: Defaulting to no-operation (NOP) logger implementation
SLF4J: See http://www.slf4j.org/codes.html#StaticLoggerBinder for further details.
Starting ChromeDriver S1t0a1.r0t.i4n9g5 1C.h4r1 o(m9e3Dcr7i2v0edrb 813023b3ec10d056025ab95c23a31997c9-refs/branch-heads/4951@{#9041}.)0 .o4n9 5p1or.t4 14 2(29230c
7O2n0ldyb 8l3o2c3abl3 ecco10ndn0e5c6t0i2o5anbs9 5acr2e3a 3a19l97lco9w-erde.fs
/Pblreaansceh -sheeea dhst/t4p9s5:1/@/{c#h9romedriver.chromi0um4.o})r go/ns epcourrity-considerations for suggestions on keepti ng4 0Ch5r1om7
eODnrliyv elro csaalf ec.o
nCnhercomteiDornivse ra rwea sa lsltoawrted succesesfdu.l
lPyl.e
ase see https://chromedriver.chromium.org/security-considerations for suggestions on keeping ChromeDriver safe.
ChromeDriver was started successfully.
May 22, 2022 6:20:28 PM org.openqa.selenium.remote.ProtocolHandshake createSession
INFO: Detected dialect: W3C
May 22, 2022 6:20:28 PM org.openqa.selenium.remote.ProtocolHandshake createSession
INFO: Detected dialect: W3C
May 22, 2022 6:20:29 PM org.openqa.selenium.devtools.CdpVersionFinder findNearestMatch
INFO: Found exact CDP implementation for version 101
May 22, 2022 6:20:29 PM org.openqa.selenium.devtools.CdpVersionFinder findNearestMatch
INFO: Found exact CDP implementation for version 101
]]></system-err>
  </testcase>
  <testcase name="naviageStorepageFromHome" classname="testcase.NavigationTest" time="2.678">
    <system-out><![CDATA[CURRENT THREAD: 18, DRIVER = ChromeDriver: chrome on LINUX (49c080df49284e38fbe6c46b8da5b6ce)
]]></system-out>
    <system-err><![CDATA[Starting ChromeDriver 101.0.4951.41 (93c720db8323b3ec10d056025ab95c23a31997c9-refs/branch-heads/4951@{#904}) on port 48229
Only local connections are allowed.
Please see https://chromedriver.chromium.org/security-considerations for suggestions on keeping ChromeDriver safe.
ChromeDriver was started successfully.
]]></system-err>
  </testcase>
  <testcase name="naviageStorepageFromHome3" classname="testcase.NavigationTest" time="1.8">
    <system-out><![CDATA[CURRENT THREAD: 17, DRIVER = ChromeDriver: chrome on LINUX (03e8986f0b925396afb583f695fd0dcc)
CURRENT THREAD: 18, DRIVER = ChromeDriver: chrome on LINUX (7204cf4249b0b5bea79bc1af092af16a)
]]></system-out>
    <system-err><![CDATA[May 22, 2022 6:20:31 PM org.openqa.selenium.remote.ProtocolHandshake createSession
INFO: Detected dialect: W3C
May 22, 2022 6:20:32 PM org.openqa.selenium.devtools.CdpVersionFinder findNearestMatch
INFO: Found exact CDP implementation for version 101
]]></system-err>
  </testcase>
</testsuite>